producer_class	xtools.gsea.GseaPreranked
producer_timestamp	1648327257026
param	rpt_label	my_analysis_absstat
param	rnd_seed	timestamp
param	set_min	15
param	zip_report	false
param	create_svgs	false
param	scoring_scheme	weighted
param	rnk	S:\Yong\Student\Hands-on training on pathway analysis\GSEA\GSEA_input files_ranked\tcga_raw_counts.Tumor.vs.Normal.DESeq2_results_report_rankbyabsstat.rnk
param	norm	meandiv
param	out	C:\Users\yong.liu\gsea_home\output\mar26
param	mode	Abs_max_of_probes
param	include_only_symbols	true
param	help	false
param	set_max	500
param	gmx	ftp.broadinstitute.org://pub/gsea/gene_sets/h.all.v7.5.1.symbols.gmt
param	make_sets	true
param	plot_top_x	20
param	gui	false
param	nperm	1000
param	collapse	No_Collapse

file	C:\Users\yong.liu\gsea_home\output\mar26\my_analysis_absstat.GseaPreranked.1648327257026\index.html
